<?xml version="1.0" encoding="UTF-8"?>
<testng-results ignored="0" total="1" passed="1" failed="0" skipped="0">
  <reporter-output>
  </reporter-output>
  <suite started-at="2022-03-29T19:27:47 IST" name="Default suite" finished-at="2022-03-29T19:27:54 IST" duration-ms="6829">
    <groups>
    </groups>
    <test started-at="2022-03-29T19:27:47 IST" name="Default test" finished-at="2022-03-29T19:27:54 IST" duration-ms="6829">
      <class name="Tests.GoogleTests">
        <test-method is-config="true" signature="setUpTest()[pri:0, instance:Tests.GoogleTests@32502377]" started-at="2022-03-29T19:27:47 IST" name="setUpTest" finished-at="2022-03-29T19:27:48 IST" duration-ms="1638" status="PASS">
          <reporter-output>
          </reporter-output>
        </test-method> <!-- setUpTest -->
        <test-method signature="googleSearch()[pri:0, instance:Tests.GoogleTests@32502377]" started-at="2022-03-29T19:27:49 IST" name="googleSearch" finished-at="2022-03-29T19:27:49 IST" duration-ms="988" status="PASS">
          <reporter-output>
          </reporter-output>
        </test-method> <!-- googleSearch -->
        <test-method is-config="true" signature="tearDown()[pri:0, instance:Tests.GoogleTests@32502377]" started-at="2022-03-29T19:27:50 IST" name="tearDown" finished-at="2022-03-29T19:27:54 IST" duration-ms="4169" status="PASS">
          <reporter-output>
          </reporter-output>
        </test-method> <!-- tearDown -->
      </class> <!-- Tests.GoogleTests -->
    </test> <!-- Default test -->
  </suite> <!-- Default suite -->
</testng-results>
